{
  "RSpec": {
    "coverage": {
      "/home/hakai/Escritorio/LPP/prct10/spec/Bibliografia_spec.rb": [
        1,
        1,
        null,
        1,
        null,
        null,
        1,
        null,
        null,
        1,
        null,
        null,
        1,
        null,
        null,
        1,
        null,
        null,
        1,
        null,
        null,
        1,
        1,
        1,
        1,
        1,
        null,
        null,
        null,
        null,
        1,
        null,
        null,
        null,
        1,
        1,
        1,
        1,
        null,
        null,
        null,
        1,
        1,
        1,
        null,
        1,
        1,
        null,
        1,
        1,
        null,
        1,
        1,
        null,
        1,
        1,
        null,
        1,
        1,
        null,
        1,
        1,
        null,
        1,
        1,
        null,
        null,
        null,
        1,
        1,
        1,
        1,
        null,
        null,
        1,
        1,
        1,
        1,
        null,
        null,
        null,
        1,
        1,
        1,
        null,
        1,
        1,
        1,
        null,
        1,
        1,
        1,
        null,
        null,
        null,
        null,
        null,
        1,
        1,
        1,
        null,
        1,
        1,
        1,
        1,
        1,
        null,
        null,
        1,
        1,
        1,
        1,
        1,
        null,
        null,
        1,
        1,
        1,
        1,
        null,
        null,
        1,
        1,
        1,
        1,
        null,
        null,
        1,
        1,
        1,
        1,
        null,
        null,
        1,
        1,
        1,
        null,
        1,
        1,
        1,
        null,
        null,
        null,
        null
      ],
      "/home/hakai/Escritorio/LPP/prct10/lib/Bibliografia.rb": [
        1,
        1,
        1,
        1,
        null,
        1,
        null,
        null
      ],
      "/home/hakai/Escritorio/LPP/prct10/lib/Bibliografia/version.rb": [
        1,
        1,
        null
      ],
      "/home/hakai/Escritorio/LPP/prct10/lib/Bibliografia/Bibliografia.rb": [
        1,
        1,
        1,
        1,
        null,
        null,
        1,
        0,
        0,
        0,
        0,
        0,
        0,
        0,
        0,
        0,
        0,
        null,
        null,
        1,
        127,
        0,
        null,
        127,
        0,
        null,
        127,
        null,
        null,
        null,
        null,
        1,
        7,
        null,
        null,
        1,
        0,
        0,
        0,
        0,
        0,
        0,
        null,
        0,
        null,
        null,
        1,
        0,
        null,
        null,
        1,
        0,
        null,
        null,
        1,
        0,
        null,
        null,
        1,
        0,
        null,
        null,
        1,
        8,
        8,
        8,
        8,
        8,
        null,
        0,
        null,
        8,
        null,
        null,
        1,
        8,
        null,
        null,
        1,
        0,
        null,
        null,
        null,
        null,
        1,
        1,
        5,
        5,
        5,
        5,
        5,
        5,
        5,
        5,
        5,
        5,
        null,
        null,
        null,
        1,
        1,
        0,
        0,
        0,
        0,
        0,
        0,
        0,
        0,
        0,
        0,
        0,
        0,
        null,
        null,
        null,
        1,
        1,
        1,
        1,
        1,
        1,
        1,
        1,
        1,
        1,
        null,
        null,
        null,
        null,
        1,
        1,
        null,
        1,
        1,
        1,
        1,
        1,
        1,
        1,
        1,
        1,
        null,
        null,
        null,
        null,
        null,
        1,
        1,
        1,
        1,
        1,
        1,
        1,
        1,
        1,
        1,
        1,
        1,
        null,
        null,
        null,
        null,
        null,
        null,
        null,
        null
      ],
      "/home/hakai/Escritorio/LPP/prct10/lib/Bibliografia/lista.rb": [
        1,
        null,
        1,
        1,
        1,
        1,
        null,
        1,
        null,
        5,
        5,
        5,
        null,
        null,
        1,
        1,
        1,
        1,
        1,
        null,
        null,
        null,
        null,
        null,
        1,
        17,
        17,
        2,
        2,
        null,
        15,
        15,
        15,
        15,
        null,
        null,
        null,
        1,
        13,
        13,
        0,
        13,
        1,
        null,
        114,
        90,
        90,
        null,
        null,
        null,
        null,
        null,
        null
      ],
      "/home/hakai/Escritorio/LPP/prct10/lib/Bibliografia/Citas_APA.rb": [
        1,
        1,
        1,
        null,
        1,
        1,
        1,
        null,
        null,
        1,
        14,
        14,
        42,
        14,
        14,
        null,
        14,
        14,
        null,
        14,
        null,
        null,
        1,
        13,
        13,
        null,
        null,
        1,
        1,
        1,
        10,
        8,
        8,
        8,
        8,
        8,
        8,
        null,
        1,
        null,
        null,
        null,
        null
      ]
    },
    "timestamp": 1449603611
  }
}
